<?xml version="1.0" encoding="UTF-8"?>
<coverage generated="1602444765067" clover="3.2.0">
  <project timestamp="1602444765067" name="All files">
    <metrics statements="307" coveredstatements="284" conditionals="72" coveredconditionals="66" methods="125" coveredmethods="106" elements="504" coveredelements="456" complexity="0" loc="307" ncloc="307" packages="7" files="21" classes="21">
      <package name="seubarriga">
        <metrics statements="1" coveredstatements="1" conditionals="0" coveredconditionals="0" methods="0" coveredmethods="0"/>
        <file name="knexfile.js" path="/home/adriane/Área de Trabalho/cursoseprojetos/APINodeJS-TDD/seubarriga/knexfile.js">
          <metrics statements="1" coveredstatements="1" conditionals="0" coveredconditionals="0" methods="0" coveredmethods="0"/>
          <line num="1" count="6" type="stmt"/>
        </file>
      </package>
      <package name="seubarriga.src">
        <metrics statements="18" coveredstatements="16" conditionals="6" coveredconditionals="5" methods="2" coveredmethods="2"/>
        <file name="app.js" path="/home/adriane/Área de Trabalho/cursoseprojetos/APINodeJS-TDD/seubarriga/src/app.js">
          <metrics statements="18" coveredstatements="16" conditionals="6" coveredconditionals="5" methods="2" coveredmethods="2"/>
          <line num="1" count="6" type="stmt"/>
          <line num="2" count="6" type="stmt"/>
          <line num="3" count="6" type="stmt"/>
          <line num="4" count="6" type="stmt"/>
          <line num="8" count="6" type="stmt"/>
          <line num="10" count="6" type="stmt"/>
          <line num="18" count="6" type="stmt"/>
          <line num="19" count="1" type="stmt"/>
          <line num="22" count="6" type="stmt"/>
          <line num="23" count="33" type="stmt"/>
          <line num="24" count="33" type="cond" truecount="4" falsecount="0"/>
          <line num="25" count="29" type="stmt"/>
          <line num="26" count="4" type="cond" truecount="1" falsecount="1"/>
          <line num="27" count="4" type="stmt"/>
          <line num="29" count="0" type="stmt"/>
          <line num="30" count="0" type="stmt"/>
          <line num="32" count="33" type="stmt"/>
          <line num="46" count="6" type="stmt"/>
        </file>
      </package>
      <package name="seubarriga.src.config">
        <metrics statements="27" coveredstatements="25" conditionals="2" coveredconditionals="1" methods="7" coveredmethods="6"/>
        <file name="middlewares.js" path="/home/adriane/Área de Trabalho/cursoseprojetos/APINodeJS-TDD/seubarriga/src/config/middlewares.js">
          <metrics statements="3" coveredstatements="3" conditionals="0" coveredconditionals="0" methods="1" coveredmethods="1"/>
          <line num="1" count="6" type="stmt"/>
          <line num="3" count="6" type="stmt"/>
          <line num="4" count="6" type="stmt"/>
        </file>
        <file name="passport.js" path="/home/adriane/Área de Trabalho/cursoseprojetos/APINodeJS-TDD/seubarriga/src/config/passport.js">
          <metrics statements="14" coveredstatements="12" conditionals="2" coveredconditionals="1" methods="5" coveredmethods="4"/>
          <line num="1" count="6" type="stmt"/>
          <line num="2" count="6" type="stmt"/>
          <line num="4" count="6" type="stmt"/>
          <line num="6" count="6" type="stmt"/>
          <line num="8" count="6" type="stmt"/>
          <line num="9" count="6" type="stmt"/>
          <line num="14" count="6" type="stmt"/>
          <line num="15" count="53" type="stmt"/>
          <line num="17" count="53" type="cond" truecount="1" falsecount="1"/>
          <line num="18" count="0" type="stmt"/>
          <line num="19" count="0" type="stmt"/>
          <line num="22" count="6" type="stmt"/>
          <line num="24" count="6" type="stmt"/>
          <line num="25" count="6" type="stmt"/>
        </file>
        <file name="router.js" path="/home/adriane/Área de Trabalho/cursoseprojetos/APINodeJS-TDD/seubarriga/src/config/router.js">
          <metrics statements="10" coveredstatements="10" conditionals="0" coveredconditionals="0" methods="1" coveredmethods="1"/>
          <line num="1" count="6" type="stmt"/>
          <line num="3" count="6" type="stmt"/>
          <line num="4" count="6" type="stmt"/>
          <line num="5" count="6" type="stmt"/>
          <line num="7" count="6" type="stmt"/>
          <line num="8" count="6" type="stmt"/>
          <line num="9" count="6" type="stmt"/>
          <line num="10" count="6" type="stmt"/>
          <line num="11" count="6" type="stmt"/>
          <line num="13" count="6" type="stmt"/>
        </file>
      </package>
      <package name="seubarriga.src.errors">
        <metrics statements="9" coveredstatements="9" conditionals="1" coveredconditionals="1" methods="3" coveredmethods="3"/>
        <file name="RecursoIndevidoError.js" path="/home/adriane/Área de Trabalho/cursoseprojetos/APINodeJS-TDD/seubarriga/src/errors/RecursoIndevidoError.js">
          <metrics statements="3" coveredstatements="3" conditionals="1" coveredconditionals="1" methods="1" coveredmethods="1"/>
          <line num="1" count="6" type="cond" truecount="1" falsecount="0"/>
          <line num="2" count="4" type="stmt"/>
          <line num="3" count="4" type="stmt"/>
        </file>
        <file name="ValidationError.js" path="/home/adriane/Área de Trabalho/cursoseprojetos/APINodeJS-TDD/seubarriga/src/errors/ValidationError.js">
          <metrics statements="3" coveredstatements="3" conditionals="0" coveredconditionals="0" methods="1" coveredmethods="1"/>
          <line num="1" count="6" type="stmt"/>
          <line num="2" count="24" type="stmt"/>
          <line num="3" count="24" type="stmt"/>
        </file>
        <file name="ValidationRequiredError.js" path="/home/adriane/Área de Trabalho/cursoseprojetos/APINodeJS-TDD/seubarriga/src/errors/ValidationRequiredError.js">
          <metrics statements="3" coveredstatements="3" conditionals="0" coveredconditionals="0" methods="1" coveredmethods="1"/>
          <line num="1" count="6" type="stmt"/>
          <line num="2" count="5" type="stmt"/>
          <line num="3" count="5" type="stmt"/>
        </file>
      </package>
      <package name="seubarriga.src.routes">
        <metrics statements="140" coveredstatements="122" conditionals="10" coveredconditionals="10" methods="74" coveredmethods="57"/>
        <file name="accounts.js" path="/home/adriane/Área de Trabalho/cursoseprojetos/APINodeJS-TDD/seubarriga/src/routes/accounts.js">
          <metrics statements="31" coveredstatements="28" conditionals="2" coveredconditionals="2" methods="19" coveredmethods="16"/>
          <line num="1" count="6" type="stmt"/>
          <line num="2" count="6" type="stmt"/>
          <line num="4" count="6" type="stmt"/>
          <line num="5" count="6" type="stmt"/>
          <line num="8" count="6" type="stmt"/>
          <line num="9" count="6" type="stmt"/>
          <line num="11" count="6" type="cond" truecount="2" falsecount="0"/>
          <line num="12" count="2" type="stmt"/>
          <line num="14" count="4" type="stmt"/>
          <line num="16" count="2" type="stmt"/>
          <line num="19" count="6" type="stmt"/>
          <line num="20" count="3" type="stmt"/>
          <line num="22" count="1" type="stmt"/>
          <line num="23" count="2" type="stmt"/>
          <line num="26" count="6" type="stmt"/>
          <line num="27" count="1" type="stmt"/>
          <line num="28" count="1" type="stmt"/>
          <line num="29" count="0" type="stmt"/>
          <line num="32" count="6" type="stmt"/>
          <line num="33" count="1" type="stmt"/>
          <line num="34" count="1" type="stmt"/>
          <line num="35" count="0" type="stmt"/>
          <line num="38" count="6" type="stmt"/>
          <line num="39" count="1" type="stmt"/>
          <line num="40" count="1" type="stmt"/>
          <line num="41" count="0" type="stmt"/>
          <line num="44" count="6" type="stmt"/>
          <line num="45" count="2" type="stmt"/>
          <line num="46" count="1" type="stmt"/>
          <line num="47" count="1" type="stmt"/>
          <line num="50" count="6" type="stmt"/>
        </file>
        <file name="auth.js" path="/home/adriane/Área de Trabalho/cursoseprojetos/APINodeJS-TDD/seubarriga/src/routes/auth.js">
          <metrics statements="23" coveredstatements="22" conditionals="4" coveredconditionals="4" methods="5" coveredmethods="5"/>
          <line num="1" count="6" type="stmt"/>
          <line num="2" count="6" type="stmt"/>
          <line num="3" count="6" type="stmt"/>
          <line num="4" count="6" type="stmt"/>
          <line num="6" count="6" type="stmt"/>
          <line num="8" count="6" type="stmt"/>
          <line num="9" count="6" type="stmt"/>
          <line num="11" count="6" type="stmt"/>
          <line num="12" count="3" type="stmt"/>
          <line num="14" count="3" type="cond" truecount="2" falsecount="0"/>
          <line num="15" count="1" type="stmt"/>
          <line num="16" count="2" type="cond" truecount="2" falsecount="0"/>
          <line num="17" count="1" type="stmt"/>
          <line num="22" count="1" type="stmt"/>
          <line num="23" count="1" type="stmt"/>
          <line num="25" count="1" type="stmt"/>
          <line num="27" count="2" type="stmt"/>
          <line num="30" count="6" type="stmt"/>
          <line num="31" count="1" type="stmt"/>
          <line num="32" count="1" type="stmt"/>
          <line num="33" count="1" type="stmt"/>
          <line num="35" count="0" type="stmt"/>
          <line num="39" count="6" type="stmt"/>
        </file>
        <file name="balance.js" path="/home/adriane/Área de Trabalho/cursoseprojetos/APINodeJS-TDD/seubarriga/src/routes/balance.js">
          <metrics statements="8" coveredstatements="5" conditionals="0" coveredconditionals="0" methods="4" coveredmethods="1"/>
          <line num="1" count="6" type="stmt"/>
          <line num="3" count="6" type="stmt"/>
          <line num="4" count="6" type="stmt"/>
          <line num="6" count="6" type="stmt"/>
          <line num="7" count="0" type="stmt"/>
          <line num="8" count="0" type="stmt"/>
          <line num="9" count="0" type="stmt"/>
          <line num="12" count="6" type="stmt"/>
        </file>
        <file name="transactions.js" path="/home/adriane/Área de Trabalho/cursoseprojetos/APINodeJS-TDD/seubarriga/src/routes/transactions.js">
          <metrics statements="30" coveredstatements="25" conditionals="2" coveredconditionals="2" methods="19" coveredmethods="14"/>
          <line num="1" count="6" type="stmt"/>
          <line num="2" count="6" type="stmt"/>
          <line num="4" count="6" type="stmt"/>
          <line num="5" count="6" type="stmt"/>
          <line num="7" count="6" type="stmt"/>
          <line num="8" count="4" type="stmt"/>
          <line num="10" count="4" type="cond" truecount="2" falsecount="0"/>
          <line num="11" count="1" type="stmt"/>
          <line num="12" count="1" type="stmt"/>
          <line num="15" count="6" type="stmt"/>
          <line num="16" count="1" type="stmt"/>
          <line num="17" count="1" type="stmt"/>
          <line num="18" count="0" type="stmt"/>
          <line num="21" count="6" type="stmt"/>
          <line num="22" count="9" type="stmt"/>
          <line num="23" count="3" type="stmt"/>
          <line num="24" count="0" type="stmt"/>
          <line num="27" count="6" type="stmt"/>
          <line num="28" count="1" type="stmt"/>
          <line num="29" count="1" type="stmt"/>
          <line num="30" count="0" type="stmt"/>
          <line num="33" count="6" type="stmt"/>
          <line num="34" count="1" type="stmt"/>
          <line num="35" count="1" type="stmt"/>
          <line num="36" count="0" type="stmt"/>
          <line num="39" count="6" type="stmt"/>
          <line num="40" count="1" type="stmt"/>
          <line num="41" count="1" type="stmt"/>
          <line num="42" count="0" type="stmt"/>
          <line num="45" count="6" type="stmt"/>
        </file>
        <file name="transfers.js" path="/home/adriane/Área de Trabalho/cursoseprojetos/APINodeJS-TDD/seubarriga/src/routes/transfers.js">
          <metrics statements="35" coveredstatements="30" conditionals="2" coveredconditionals="2" methods="22" coveredmethods="17"/>
          <line num="1" count="6" type="stmt"/>
          <line num="2" count="6" type="stmt"/>
          <line num="4" count="6" type="stmt"/>
          <line num="5" count="6" type="stmt"/>
          <line num="7" count="6" type="stmt"/>
          <line num="8" count="11" type="stmt"/>
          <line num="10" count="11" type="cond" truecount="2" falsecount="0"/>
          <line num="11" count="10" type="stmt"/>
          <line num="12" count="1" type="stmt"/>
          <line num="15" count="6" type="stmt"/>
          <line num="16" count="18" type="stmt"/>
          <line num="17" count="4" type="stmt"/>
          <line num="18" count="14" type="stmt"/>
          <line num="21" count="6" type="stmt"/>
          <line num="22" count="1" type="stmt"/>
          <line num="23" count="1" type="stmt"/>
          <line num="24" count="0" type="stmt"/>
          <line num="27" count="6" type="stmt"/>
          <line num="28" count="3" type="stmt"/>
          <line num="29" count="3" type="stmt"/>
          <line num="30" count="3" type="stmt"/>
          <line num="31" count="0" type="stmt"/>
          <line num="34" count="6" type="stmt"/>
          <line num="35" count="1" type="stmt"/>
          <line num="36" count="1" type="stmt"/>
          <line num="37" count="0" type="stmt"/>
          <line num="40" count="6" type="stmt"/>
          <line num="41" count="1" type="stmt"/>
          <line num="42" count="1" type="stmt"/>
          <line num="43" count="0" type="stmt"/>
          <line num="46" count="6" type="stmt"/>
          <line num="47" count="1" type="stmt"/>
          <line num="48" count="1" type="stmt"/>
          <line num="49" count="0" type="stmt"/>
          <line num="52" count="6" type="stmt"/>
        </file>
        <file name="users.js" path="/home/adriane/Área de Trabalho/cursoseprojetos/APINodeJS-TDD/seubarriga/src/routes/users.js">
          <metrics statements="13" coveredstatements="12" conditionals="0" coveredconditionals="0" methods="5" coveredmethods="4"/>
          <line num="1" count="6" type="stmt"/>
          <line num="3" count="6" type="stmt"/>
          <line num="4" count="6" type="stmt"/>
          <line num="6" count="6" type="stmt"/>
          <line num="7" count="1" type="stmt"/>
          <line num="8" count="1" type="stmt"/>
          <line num="9" count="0" type="stmt"/>
          <line num="12" count="6" type="stmt"/>
          <line num="13" count="6" type="stmt"/>
          <line num="14" count="6" type="stmt"/>
          <line num="15" count="2" type="stmt"/>
          <line num="17" count="4" type="stmt"/>
          <line num="21" count="6" type="stmt"/>
        </file>
      </package>
      <package name="seubarriga.src.seeds">
        <metrics statements="15" coveredstatements="15" conditionals="0" coveredconditionals="0" methods="12" coveredmethods="12"/>
        <file name="01.transfer.js" path="/home/adriane/Área de Trabalho/cursoseprojetos/APINodeJS-TDD/seubarriga/src/seeds/01.transfer.js">
          <metrics statements="9" coveredstatements="9" conditionals="0" coveredconditionals="0" methods="8" coveredmethods="8"/>
          <line num="1" count="1" type="stmt"/>
          <line num="2" count="1" type="stmt"/>
          <line num="3" count="1" type="stmt"/>
          <line num="4" count="1" type="stmt"/>
          <line num="5" count="1" type="stmt"/>
          <line num="7" count="1" type="stmt"/>
          <line num="12" count="1" type="stmt"/>
          <line num="18" count="1" type="stmt"/>
          <line num="22" count="1" type="stmt"/>
        </file>
        <file name="02.balance.js" path="/home/adriane/Área de Trabalho/cursoseprojetos/APINodeJS-TDD/seubarriga/src/seeds/02.balance.js">
          <metrics statements="6" coveredstatements="6" conditionals="0" coveredconditionals="0" methods="4" coveredmethods="4"/>
          <line num="1" count="1" type="stmt"/>
          <line num="3" count="1" type="stmt"/>
          <line num="4" count="1" type="stmt"/>
          <line num="9" count="1" type="stmt"/>
          <line num="17" count="1" type="stmt"/>
          <line num="21" count="1" type="stmt"/>
        </file>
      </package>
      <package name="seubarriga.src.services">
        <metrics statements="97" coveredstatements="96" conditionals="53" coveredconditionals="49" methods="27" coveredmethods="26"/>
        <file name="account.js" path="/home/adriane/Área de Trabalho/cursoseprojetos/APINodeJS-TDD/seubarriga/src/services/account.js">
          <metrics statements="18" coveredstatements="18" conditionals="7" coveredconditionals="6" methods="6" coveredmethods="6"/>
          <line num="1" count="6" type="stmt"/>
          <line num="3" count="6" type="stmt"/>
          <line num="4" count="6" type="stmt"/>
          <line num="5" count="3" type="cond" truecount="2" falsecount="0"/>
          <line num="7" count="2" type="stmt"/>
          <line num="8" count="2" type="cond" truecount="2" falsecount="0"/>
          <line num="10" count="1" type="stmt"/>
          <line num="13" count="6" type="stmt"/>
          <line num="14" count="1" type="stmt"/>
          <line num="17" count="6" type="cond" truecount="0" falsecount="1"/>
          <line num="18" count="9" type="stmt"/>
          <line num="21" count="6" type="stmt"/>
          <line num="22" count="1" type="stmt"/>
          <line num="25" count="6" type="stmt"/>
          <line num="26" count="2" type="stmt"/>
          <line num="28" count="2" type="cond" truecount="2" falsecount="0"/>
          <line num="30" count="1" type="stmt"/>
          <line num="33" count="6" type="stmt"/>
        </file>
        <file name="balance.js" path="/home/adriane/Área de Trabalho/cursoseprojetos/APINodeJS-TDD/seubarriga/src/services/balance.js">
          <metrics statements="4" coveredstatements="3" conditionals="0" coveredconditionals="0" methods="2" coveredmethods="1"/>
          <line num="1" count="6" type="stmt"/>
          <line num="2" count="6" type="stmt"/>
          <line num="3" count="0" type="stmt"/>
          <line num="12" count="6" type="stmt"/>
        </file>
        <file name="transaction.js" path="/home/adriane/Área de Trabalho/cursoseprojetos/APINodeJS-TDD/seubarriga/src/services/transaction.js">
          <metrics statements="22" coveredstatements="22" conditionals="21" coveredconditionals="21" methods="6" coveredmethods="6"/>
          <line num="1" count="6" type="stmt"/>
          <line num="2" count="6" type="stmt"/>
          <line num="4" count="6" type="stmt"/>
          <line num="5" count="6" type="cond" truecount="1" falsecount="0"/>
          <line num="6" count="5" type="stmt"/>
          <line num="13" count="6" type="stmt"/>
          <line num="14" count="9" type="cond" truecount="2" falsecount="0"/>
          <line num="15" count="8" type="cond" truecount="2" falsecount="0"/>
          <line num="16" count="7" type="cond" truecount="2" falsecount="0"/>
          <line num="17" count="6" type="cond" truecount="2" falsecount="0"/>
          <line num="18" count="5" type="cond" truecount="2" falsecount="0"/>
          <line num="20" count="4" type="cond" truecount="4" falsecount="0"/>
          <line num="22" count="3" type="cond" truecount="6" falsecount="0"/>
          <line num="23" count="2" type="stmt"/>
          <line num="26" count="3" type="stmt"/>
          <line num="30" count="6" type="stmt"/>
          <line num="31" count="3" type="stmt"/>
          <line num="36" count="6" type="stmt"/>
          <line num="37" count="1" type="stmt"/>
          <line num="42" count="6" type="stmt"/>
          <line num="43" count="1" type="stmt"/>
          <line num="48" count="6" type="stmt"/>
        </file>
        <file name="transfer.js" path="/home/adriane/Área de Trabalho/cursoseprojetos/APINodeJS-TDD/seubarriga/src/services/transfer.js">
          <metrics statements="33" coveredstatements="33" conditionals="16" coveredconditionals="14" methods="8" coveredmethods="8"/>
          <line num="1" count="6" type="stmt"/>
          <line num="3" count="6" type="stmt"/>
          <line num="4" count="6" type="cond" truecount="0" falsecount="1"/>
          <line num="5" count="1" type="stmt"/>
          <line num="10" count="6" type="cond" truecount="0" falsecount="1"/>
          <line num="11" count="12" type="stmt"/>
          <line num="16" count="6" type="stmt"/>
          <line num="17" count="18" type="cond" truecount="2" falsecount="0"/>
          <line num="18" count="16" type="cond" truecount="2" falsecount="0"/>
          <line num="19" count="14" type="cond" truecount="2" falsecount="0"/>
          <line num="20" count="12" type="cond" truecount="2" falsecount="0"/>
          <line num="21" count="10" type="cond" truecount="2" falsecount="0"/>
          <line num="22" count="8" type="cond" truecount="2" falsecount="0"/>
          <line num="24" count="6" type="stmt"/>
          <line num="25" count="6" type="stmt"/>
          <line num="26" count="12" type="cond" truecount="2" falsecount="0"/>
          <line num="27" count="2" type="stmt"/>
          <line num="32" count="6" type="stmt"/>
          <line num="34" count="3" type="stmt"/>
          <line num="35" count="3" type="stmt"/>
          <line num="37" count="3" type="stmt"/>
          <line num="42" count="3" type="stmt"/>
          <line num="43" count="3" type="stmt"/>
          <line num="46" count="6" type="stmt"/>
          <line num="48" count="1" type="stmt"/>
          <line num="52" count="1" type="stmt"/>
          <line num="57" count="1" type="stmt"/>
          <line num="58" count="1" type="stmt"/>
          <line num="59" count="1" type="stmt"/>
          <line num="62" count="6" type="stmt"/>
          <line num="63" count="1" type="stmt"/>
          <line num="64" count="1" type="stmt"/>
          <line num="67" count="6" type="stmt"/>
        </file>
        <file name="user.js" path="/home/adriane/Área de Trabalho/cursoseprojetos/APINodeJS-TDD/seubarriga/src/services/user.js">
          <metrics statements="20" coveredstatements="20" conditionals="9" coveredconditionals="8" methods="5" coveredmethods="5"/>
          <line num="1" count="6" type="stmt"/>
          <line num="2" count="6" type="stmt"/>
          <line num="4" count="6" type="stmt"/>
          <line num="5" count="6" type="stmt"/>
          <line num="6" count="1" type="stmt"/>
          <line num="9" count="6" type="cond" truecount="0" falsecount="1"/>
          <line num="10" count="82" type="stmt"/>
          <line num="13" count="6" type="stmt"/>
          <line num="14" count="24" type="stmt"/>
          <line num="15" count="24" type="stmt"/>
          <line num="18" count="6" type="stmt"/>
          <line num="19" count="28" type="cond" truecount="2" falsecount="0"/>
          <line num="20" count="27" type="cond" truecount="2" falsecount="0"/>
          <line num="21" count="26" type="cond" truecount="2" falsecount="0"/>
          <line num="23" count="25" type="stmt"/>
          <line num="24" count="25" type="cond" truecount="2" falsecount="0"/>
          <line num="26" count="24" type="stmt"/>
          <line num="27" count="24" type="stmt"/>
          <line num="28" count="24" type="stmt"/>
          <line num="31" count="6" type="stmt"/>
        </file>
      </package>
    </metrics>
  </project>
</coverage>
