TN:
SF:/home/adriane/Área de Trabalho/cursoseprojetos/APINodeJS-TDD/seubarriga/knexfile.js
FNF:0
FNH:0
DA:1,6
LF:1
LH:1
BRF:0
BRH:0
end_of_record
TN:
SF:/home/adriane/Área de Trabalho/cursoseprojetos/APINodeJS-TDD/seubarriga/src/app.js
FN:18,(anonymous_0)
FN:22,(anonymous_1)
FNF:2
FNH:2
FNDA:1,(anonymous_0)
FNDA:33,(anonymous_1)
DA:1,6
DA:2,6
DA:3,6
DA:4,6
DA:8,6
DA:10,6
DA:18,6
DA:19,1
DA:22,6
DA:23,33
DA:24,33
DA:25,29
DA:26,4
DA:27,4
DA:29,0
DA:30,0
DA:32,33
DA:46,6
LF:18
LH:16
BRDA:24,0,0,29
BRDA:24,0,1,4
BRDA:24,1,0,33
BRDA:24,1,1,9
BRDA:26,2,0,4
BRDA:26,2,1,0
BRF:6
BRH:5
end_of_record
TN:
SF:/home/adriane/Área de Trabalho/cursoseprojetos/APINodeJS-TDD/seubarriga/src/config/middlewares.js
FN:3,(anonymous_0)
FNF:1
FNH:1
FNDA:6,(anonymous_0)
DA:1,6
DA:3,6
DA:4,6
LF:3
LH:3
BRF:0
BRH:0
end_of_record
TN:
SF:/home/adriane/Área de Trabalho/cursoseprojetos/APINodeJS-TDD/seubarriga/src/config/passport.js
FN:8,(anonymous_0)
FN:14,(anonymous_1)
FN:16,(anonymous_2)
FN:19,(anonymous_3)
FN:25,(anonymous_4)
FNF:5
FNH:4
FNDA:6,(anonymous_0)
FNDA:53,(anonymous_1)
FNDA:53,(anonymous_2)
FNDA:0,(anonymous_3)
FNDA:6,(anonymous_4)
DA:1,6
DA:2,6
DA:4,6
DA:6,6
DA:8,6
DA:9,6
DA:14,6
DA:15,53
DA:17,53
DA:18,0
DA:19,0
DA:22,6
DA:24,6
DA:25,6
LF:14
LH:12
BRDA:17,0,0,53
BRDA:17,0,1,0
BRF:2
BRH:1
end_of_record
TN:
SF:/home/adriane/Área de Trabalho/cursoseprojetos/APINodeJS-TDD/seubarriga/src/config/router.js
FN:3,(anonymous_0)
FNF:1
FNH:1
FNDA:6,(anonymous_0)
DA:1,6
DA:3,6
DA:4,6
DA:5,6
DA:7,6
DA:8,6
DA:9,6
DA:10,6
DA:11,6
DA:13,6
LF:10
LH:10
BRF:0
BRH:0
end_of_record
TN:
SF:/home/adriane/Área de Trabalho/cursoseprojetos/APINodeJS-TDD/seubarriga/src/errors/RecursoIndevidoError.js
FN:1,RecursoIndevidoError
FNF:1
FNH:1
FNDA:4,RecursoIndevidoError
DA:1,6
DA:2,4
DA:3,4
LF:3
LH:3
BRDA:1,0,0,4
BRF:1
BRH:1
end_of_record
TN:
SF:/home/adriane/Área de Trabalho/cursoseprojetos/APINodeJS-TDD/seubarriga/src/errors/ValidationError.js
FN:1,ValidationError
FNF:1
FNH:1
FNDA:24,ValidationError
DA:1,6
DA:2,24
DA:3,24
LF:3
LH:3
BRF:0
BRH:0
end_of_record
TN:
SF:/home/adriane/Área de Trabalho/cursoseprojetos/APINodeJS-TDD/seubarriga/src/errors/ValidationRequiredError.js
FN:1,ValidationRequiredError
FNF:1
FNH:1
FNDA:5,ValidationRequiredError
DA:1,6
DA:2,5
DA:3,5
LF:3
LH:3
BRF:0
BRH:0
end_of_record
TN:
SF:/home/adriane/Área de Trabalho/cursoseprojetos/APINodeJS-TDD/seubarriga/src/routes/accounts.js
FN:4,(anonymous_0)
FN:8,(anonymous_1)
FN:10,(anonymous_2)
FN:16,(anonymous_3)
FN:19,(anonymous_4)
FN:21,(anonymous_5)
FN:23,(anonymous_6)
FN:26,(anonymous_7)
FN:28,(anonymous_8)
FN:29,(anonymous_9)
FN:32,(anonymous_10)
FN:34,(anonymous_11)
FN:35,(anonymous_12)
FN:38,(anonymous_13)
FN:40,(anonymous_14)
FN:41,(anonymous_15)
FN:44,(anonymous_16)
FN:46,(anonymous_17)
FN:47,(anonymous_18)
FNF:19
FNH:16
FNDA:6,(anonymous_0)
FNDA:6,(anonymous_1)
FNDA:6,(anonymous_2)
FNDA:2,(anonymous_3)
FNDA:3,(anonymous_4)
FNDA:1,(anonymous_5)
FNDA:2,(anonymous_6)
FNDA:1,(anonymous_7)
FNDA:1,(anonymous_8)
FNDA:0,(anonymous_9)
FNDA:1,(anonymous_10)
FNDA:1,(anonymous_11)
FNDA:0,(anonymous_12)
FNDA:1,(anonymous_13)
FNDA:1,(anonymous_14)
FNDA:0,(anonymous_15)
FNDA:2,(anonymous_16)
FNDA:1,(anonymous_17)
FNDA:1,(anonymous_18)
DA:1,6
DA:2,6
DA:4,6
DA:5,6
DA:8,6
DA:9,6
DA:11,6
DA:12,2
DA:14,4
DA:16,2
DA:19,6
DA:20,3
DA:22,1
DA:23,2
DA:26,6
DA:27,1
DA:28,1
DA:29,0
DA:32,6
DA:33,1
DA:34,1
DA:35,0
DA:38,6
DA:39,1
DA:40,1
DA:41,0
DA:44,6
DA:45,2
DA:46,1
DA:47,1
DA:50,6
LF:31
LH:28
BRDA:11,0,0,2
BRDA:11,0,1,4
BRF:2
BRH:2
end_of_record
TN:
SF:/home/adriane/Área de Trabalho/cursoseprojetos/APINodeJS-TDD/seubarriga/src/routes/auth.js
FN:8,(anonymous_0)
FN:11,(anonymous_1)
FN:13,(anonymous_2)
FN:27,(anonymous_3)
FN:30,(anonymous_4)
FNF:5
FNH:5
FNDA:6,(anonymous_0)
FNDA:3,(anonymous_1)
FNDA:3,(anonymous_2)
FNDA:2,(anonymous_3)
FNDA:1,(anonymous_4)
DA:1,6
DA:2,6
DA:3,6
DA:4,6
DA:6,6
DA:8,6
DA:9,6
DA:11,6
DA:12,3
DA:14,3
DA:15,1
DA:16,2
DA:17,1
DA:22,1
DA:23,1
DA:25,1
DA:27,2
DA:30,6
DA:31,1
DA:32,1
DA:33,1
DA:35,0
DA:39,6
LF:23
LH:22
BRDA:14,0,0,1
BRDA:14,0,1,2
BRDA:16,1,0,1
BRDA:16,1,1,1
BRF:4
BRH:4
end_of_record
TN:
SF:/home/adriane/Área de Trabalho/cursoseprojetos/APINodeJS-TDD/seubarriga/src/routes/balance.js
FN:3,(anonymous_0)
FN:6,(anonymous_1)
FN:8,(anonymous_2)
FN:9,(anonymous_3)
FNF:4
FNH:1
FNDA:6,(anonymous_0)
FNDA:0,(anonymous_1)
FNDA:0,(anonymous_2)
FNDA:0,(anonymous_3)
DA:1,6
DA:3,6
DA:4,6
DA:6,6
DA:7,0
DA:8,0
DA:9,0
DA:12,6
LF:8
LH:5
BRF:0
BRH:0
end_of_record
TN:
SF:/home/adriane/Área de Trabalho/cursoseprojetos/APINodeJS-TDD/seubarriga/src/routes/transactions.js
FN:4,(anonymous_0)
FN:7,(anonymous_1)
FN:9,(anonymous_2)
FN:12,(anonymous_3)
FN:15,(anonymous_4)
FN:17,(anonymous_5)
FN:18,(anonymous_6)
FN:21,(anonymous_7)
FN:23,(anonymous_8)
FN:24,(anonymous_9)
FN:27,(anonymous_10)
FN:29,(anonymous_11)
FN:30,(anonymous_12)
FN:33,(anonymous_13)
FN:35,(anonymous_14)
FN:36,(anonymous_15)
FN:39,(anonymous_16)
FN:41,(anonymous_17)
FN:42,(anonymous_18)
FNF:19
FNH:14
FNDA:6,(anonymous_0)
FNDA:4,(anonymous_1)
FNDA:4,(anonymous_2)
FNDA:1,(anonymous_3)
FNDA:1,(anonymous_4)
FNDA:1,(anonymous_5)
FNDA:0,(anonymous_6)
FNDA:9,(anonymous_7)
FNDA:3,(anonymous_8)
FNDA:0,(anonymous_9)
FNDA:1,(anonymous_10)
FNDA:1,(anonymous_11)
FNDA:0,(anonymous_12)
FNDA:1,(anonymous_13)
FNDA:1,(anonymous_14)
FNDA:0,(anonymous_15)
FNDA:1,(anonymous_16)
FNDA:1,(anonymous_17)
FNDA:0,(anonymous_18)
DA:1,6
DA:2,6
DA:4,6
DA:5,6
DA:7,6
DA:8,4
DA:10,4
DA:11,1
DA:12,1
DA:15,6
DA:16,1
DA:17,1
DA:18,0
DA:21,6
DA:22,9
DA:23,3
DA:24,0
DA:27,6
DA:28,1
DA:29,1
DA:30,0
DA:33,6
DA:34,1
DA:35,1
DA:36,0
DA:39,6
DA:40,1
DA:41,1
DA:42,0
DA:45,6
LF:30
LH:25
BRDA:10,0,0,3
BRDA:10,0,1,1
BRF:2
BRH:2
end_of_record
TN:
SF:/home/adriane/Área de Trabalho/cursoseprojetos/APINodeJS-TDD/seubarriga/src/routes/transfers.js
FN:4,(anonymous_0)
FN:7,(anonymous_1)
FN:9,(anonymous_2)
FN:12,(anonymous_3)
FN:15,(anonymous_4)
FN:17,(anonymous_5)
FN:18,(anonymous_6)
FN:21,(anonymous_7)
FN:23,(anonymous_8)
FN:24,(anonymous_9)
FN:27,(anonymous_10)
FN:30,(anonymous_11)
FN:31,(anonymous_12)
FN:34,(anonymous_13)
FN:36,(anonymous_14)
FN:37,(anonymous_15)
FN:40,(anonymous_16)
FN:42,(anonymous_17)
FN:43,(anonymous_18)
FN:46,(anonymous_19)
FN:48,(anonymous_20)
FN:49,(anonymous_21)
FNF:22
FNH:17
FNDA:6,(anonymous_0)
FNDA:11,(anonymous_1)
FNDA:11,(anonymous_2)
FNDA:1,(anonymous_3)
FNDA:18,(anonymous_4)
FNDA:4,(anonymous_5)
FNDA:14,(anonymous_6)
FNDA:1,(anonymous_7)
FNDA:1,(anonymous_8)
FNDA:0,(anonymous_9)
FNDA:3,(anonymous_10)
FNDA:3,(anonymous_11)
FNDA:0,(anonymous_12)
FNDA:1,(anonymous_13)
FNDA:1,(anonymous_14)
FNDA:0,(anonymous_15)
FNDA:1,(anonymous_16)
FNDA:1,(anonymous_17)
FNDA:0,(anonymous_18)
FNDA:1,(anonymous_19)
FNDA:1,(anonymous_20)
FNDA:0,(anonymous_21)
DA:1,6
DA:2,6
DA:4,6
DA:5,6
DA:7,6
DA:8,11
DA:10,11
DA:11,10
DA:12,1
DA:15,6
DA:16,18
DA:17,4
DA:18,14
DA:21,6
DA:22,1
DA:23,1
DA:24,0
DA:27,6
DA:28,3
DA:29,3
DA:30,3
DA:31,0
DA:34,6
DA:35,1
DA:36,1
DA:37,0
DA:40,6
DA:41,1
DA:42,1
DA:43,0
DA:46,6
DA:47,1
DA:48,1
DA:49,0
DA:52,6
LF:35
LH:30
BRDA:10,0,0,1
BRDA:10,0,1,10
BRF:2
BRH:2
end_of_record
TN:
SF:/home/adriane/Área de Trabalho/cursoseprojetos/APINodeJS-TDD/seubarriga/src/routes/users.js
FN:3,(anonymous_0)
FN:6,(anonymous_1)
FN:8,(anonymous_2)
FN:9,(anonymous_3)
FN:12,(anonymous_4)
FNF:5
FNH:4
FNDA:6,(anonymous_0)
FNDA:1,(anonymous_1)
FNDA:1,(anonymous_2)
FNDA:0,(anonymous_3)
FNDA:6,(anonymous_4)
DA:1,6
DA:3,6
DA:4,6
DA:6,6
DA:7,1
DA:8,1
DA:9,0
DA:12,6
DA:13,6
DA:14,6
DA:15,2
DA:17,4
DA:21,6
LF:13
LH:12
BRF:0
BRH:0
end_of_record
TN:
SF:/home/adriane/Área de Trabalho/cursoseprojetos/APINodeJS-TDD/seubarriga/src/seeds/01.transfer.js
FN:1,(anonymous_0)
FN:3,(anonymous_1)
FN:4,(anonymous_2)
FN:5,(anonymous_3)
FN:7,(anonymous_4)
FN:12,(anonymous_5)
FN:18,(anonymous_6)
FN:22,(anonymous_7)
FNF:8
FNH:8
FNDA:1,(anonymous_0)
FNDA:1,(anonymous_1)
FNDA:1,(anonymous_2)
FNDA:1,(anonymous_3)
FNDA:1,(anonymous_4)
FNDA:1,(anonymous_5)
FNDA:1,(anonymous_6)
FNDA:1,(anonymous_7)
DA:1,1
DA:2,1
DA:3,1
DA:4,1
DA:5,1
DA:7,1
DA:12,1
DA:18,1
DA:22,1
LF:9
LH:9
BRF:0
BRH:0
end_of_record
TN:
SF:/home/adriane/Área de Trabalho/cursoseprojetos/APINodeJS-TDD/seubarriga/src/seeds/02.balance.js
FN:3,(anonymous_0)
FN:9,(anonymous_1)
FN:17,(anonymous_2)
FN:21,(anonymous_3)
FNF:4
FNH:4
FNDA:1,(anonymous_0)
FNDA:1,(anonymous_1)
FNDA:1,(anonymous_2)
FNDA:1,(anonymous_3)
DA:1,1
DA:3,1
DA:4,1
DA:9,1
DA:17,1
DA:21,1
LF:6
LH:6
BRF:0
BRH:0
end_of_record
TN:
SF:/home/adriane/Área de Trabalho/cursoseprojetos/APINodeJS-TDD/seubarriga/src/services/account.js
FN:3,(anonymous_0)
FN:4,(anonymous_1)
FN:13,(anonymous_2)
FN:17,(anonymous_3)
FN:21,(anonymous_4)
FN:25,(anonymous_5)
FNF:6
FNH:6
FNDA:6,(anonymous_0)
FNDA:3,(anonymous_1)
FNDA:1,(anonymous_2)
FNDA:9,(anonymous_3)
FNDA:1,(anonymous_4)
FNDA:2,(anonymous_5)
DA:1,6
DA:3,6
DA:4,6
DA:5,3
DA:7,2
DA:8,2
DA:10,1
DA:13,6
DA:14,1
DA:17,6
DA:18,9
DA:21,6
DA:22,1
DA:25,6
DA:26,2
DA:28,2
DA:30,1
DA:33,6
LF:18
LH:18
BRDA:5,0,0,1
BRDA:5,0,1,2
BRDA:8,1,0,1
BRDA:8,1,1,1
BRDA:17,2,0,0
BRDA:28,3,0,1
BRDA:28,3,1,1
BRF:7
BRH:6
end_of_record
TN:
SF:/home/adriane/Área de Trabalho/cursoseprojetos/APINodeJS-TDD/seubarriga/src/services/balance.js
FN:1,(anonymous_0)
FN:2,(anonymous_1)
FNF:2
FNH:1
FNDA:6,(anonymous_0)
FNDA:0,(anonymous_1)
DA:1,6
DA:2,6
DA:3,0
DA:12,6
LF:4
LH:3
BRF:0
BRH:0
end_of_record
TN:
SF:/home/adriane/Área de Trabalho/cursoseprojetos/APINodeJS-TDD/seubarriga/src/services/transaction.js
FN:4,(anonymous_0)
FN:5,(anonymous_1)
FN:13,(anonymous_2)
FN:30,(anonymous_3)
FN:36,(anonymous_4)
FN:42,(anonymous_5)
FNF:6
FNH:6
FNDA:6,(anonymous_0)
FNDA:5,(anonymous_1)
FNDA:9,(anonymous_2)
FNDA:3,(anonymous_3)
FNDA:1,(anonymous_4)
FNDA:1,(anonymous_5)
DA:1,6
DA:2,6
DA:4,6
DA:5,6
DA:6,5
DA:13,6
DA:14,9
DA:15,8
DA:16,7
DA:17,6
DA:18,5
DA:20,4
DA:22,3
DA:23,2
DA:26,3
DA:30,6
DA:31,3
DA:36,6
DA:37,1
DA:42,6
DA:43,1
DA:48,6
LF:22
LH:22
BRDA:5,0,0,1
BRDA:14,1,0,1
BRDA:14,1,1,8
BRDA:15,2,0,1
BRDA:15,2,1,7
BRDA:16,3,0,1
BRDA:16,3,1,6
BRDA:17,4,0,1
BRDA:17,4,1,5
BRDA:18,5,0,1
BRDA:18,5,1,4
BRDA:20,6,0,1
BRDA:20,6,1,3
BRDA:20,7,0,4
BRDA:20,7,1,2
BRDA:22,8,0,2
BRDA:22,8,1,1
BRDA:22,9,0,3
BRDA:22,9,1,2
BRDA:22,9,2,2
BRDA:22,9,3,1
BRF:21
BRH:21
end_of_record
TN:
SF:/home/adriane/Área de Trabalho/cursoseprojetos/APINodeJS-TDD/seubarriga/src/services/transfer.js
FN:3,(anonymous_0)
FN:4,(anonymous_1)
FN:10,(anonymous_2)
FN:16,(anonymous_3)
FN:25,(anonymous_4)
FN:32,(anonymous_5)
FN:46,(anonymous_6)
FN:62,(anonymous_7)
FNF:8
FNH:8
FNDA:6,(anonymous_0)
FNDA:1,(anonymous_1)
FNDA:12,(anonymous_2)
FNDA:18,(anonymous_3)
FNDA:12,(anonymous_4)
FNDA:3,(anonymous_5)
FNDA:1,(anonymous_6)
FNDA:1,(anonymous_7)
DA:1,6
DA:3,6
DA:4,6
DA:5,1
DA:10,6
DA:11,12
DA:16,6
DA:17,18
DA:18,16
DA:19,14
DA:20,12
DA:21,10
DA:22,8
DA:24,6
DA:25,6
DA:26,12
DA:27,2
DA:32,6
DA:34,3
DA:35,3
DA:37,3
DA:42,3
DA:43,3
DA:46,6
DA:48,1
DA:52,1
DA:57,1
DA:58,1
DA:59,1
DA:62,6
DA:63,1
DA:64,1
DA:67,6
LF:33
LH:33
BRDA:4,0,0,0
BRDA:10,1,0,0
BRDA:17,2,0,2
BRDA:17,2,1,16
BRDA:18,3,0,2
BRDA:18,3,1,14
BRDA:19,4,0,2
BRDA:19,4,1,12
BRDA:20,5,0,2
BRDA:20,5,1,10
BRDA:21,6,0,2
BRDA:21,6,1,8
BRDA:22,7,0,2
BRDA:22,7,1,6
BRDA:26,8,0,2
BRDA:26,8,1,10
BRF:16
BRH:14
end_of_record
TN:
SF:/home/adriane/Área de Trabalho/cursoseprojetos/APINodeJS-TDD/seubarriga/src/services/user.js
FN:4,(anonymous_0)
FN:5,(anonymous_1)
FN:9,(anonymous_2)
FN:13,(anonymous_3)
FN:18,(anonymous_4)
FNF:5
FNH:5
FNDA:6,(anonymous_0)
FNDA:1,(anonymous_1)
FNDA:82,(anonymous_2)
FNDA:24,(anonymous_3)
FNDA:28,(anonymous_4)
DA:1,6
DA:2,6
DA:4,6
DA:5,6
DA:6,1
DA:9,6
DA:10,82
DA:13,6
DA:14,24
DA:15,24
DA:18,6
DA:19,28
DA:20,27
DA:21,26
DA:23,25
DA:24,25
DA:26,24
DA:27,24
DA:28,24
DA:31,6
LF:20
LH:20
BRDA:9,0,0,0
BRDA:19,1,0,1
BRDA:19,1,1,27
BRDA:20,2,0,1
BRDA:20,2,1,26
BRDA:21,3,0,1
BRDA:21,3,1,25
BRDA:24,4,0,1
BRDA:24,4,1,24
BRF:9
BRH:8
end_of_record
